2022-08-02 09:29:27 INFO (6): Staff member 1 logged in
2022-08-02 09:30:24 INFO (6): Created news item #4
2022-08-02 09:30:49 INFO (6): Changed default theme
2022-08-02 09:34:42 INFO (6): Added new currency IDR
2022-08-02 09:34:54 INFO (6): Updated currency rates
2022-08-02 09:36:34 INFO (6): Staff member 1 logged in
2022-08-02 16:50:59 INFO (6): Staff member 1 logged in
2022-08-02 19:47:57 INFO (6): Staff member 1 logged in
2022-08-02 19:48:07 INFO (6): Admin logged out
2022-08-02 19:48:14 INFO (6): Staff member 1 logged in
2022-08-02 19:48:36 INFO (6): Updated staff member 1 details
2022-08-02 19:48:40 INFO (6): Admin logged out
2022-08-02 19:48:50 INFO (6): Staff member 1 logged in
2022-08-02 19:48:59 INFO (6): Admin logged out
2022-08-02 19:59:14 INFO (6): Staff member 1 logged in
2022-08-02 20:14:53 INFO (6): Staff member 1 logged in
2022-08-02 20:15:00 INFO (6): Admin logged out
2022-08-02 20:38:09 INFO (6): Staff member 1 logged in
2022-08-02 20:38:13 INFO (6): Admin logged out
2022-08-02 22:35:29 INFO (6): Staff member 1 logged in
2022-08-02 22:35:38 INFO (6): Admin logged out
2022-08-03 08:17:27 INFO (6): Staff member 1 logged in
2022-08-03 08:31:55 INFO (6): Client #1 signed up
2022-08-03 08:31:55 INFO (6): Client #1 logged in
2022-08-03 08:34:53 INFO (6): Client #1 logged in
2022-08-03 08:35:38 INFO (6): Logged out
2022-08-03 21:38:06 INFO (6): Staff member 1 logged in
2022-08-03 22:09:53 INFO (6): Staff member 1 logged in
2022-08-03 22:12:48 INFO (6): Admin logged out
